============================= test session starts ==============================
platform linux -- Python 3.10.12, pytest-8.1.1, pluggy-1.6.0
rootdir: /home/jennyho/factory/my-saas
collected 0 items / 1 error

==================================== ERRORS ====================================
____________________ ERROR collecting tests/test_health.py _____________________
../../.local/lib/python3.10/site-packages/_pytest/python.py:520: in importtestmodule
    mod = import_path(
../../.local/lib/python3.10/site-packages/_pytest/pathlib.py:584: in import_path
    importlib.import_module(module_name)
/usr/lib/python3.10/importlib/__init__.py:126: in import_module
    return _bootstrap._gcd_import(name[level:], package, level)
<frozen importlib._bootstrap>:1050: in _gcd_import
    ???
<frozen importlib._bootstrap>:1027: in _find_and_load
    ???
<frozen importlib._bootstrap>:1006: in _find_and_load_unlocked
    ???
<frozen importlib._bootstrap>:688: in _load_unlocked
    ???
../../.local/lib/python3.10/site-packages/_pytest/assertion/rewrite.py:169: in exec_module
    source_stat, co = _rewrite_test(fn, self.config)
../../.local/lib/python3.10/site-packages/_pytest/assertion/rewrite.py:351: in _rewrite_test
    tree = ast.parse(source, filename=strfn)
/usr/lib/python3.10/ast.py:50: in parse
    return compile(source, filename, mode, flags,
E     File "/home/jennyho/factory/my-saas/tests/test_health.py", line 1
E       from app import app\n\ndef test_health():\n    response = app.app.test_client().get("/health")\n    assert response.json == {\"status\": \"ok\"}
E                           ^
E   SyntaxError: unexpected character after line continuation character
=========================== short test summary info ============================
ERROR tests/test_health.py
!!!!!!!!!!!!!!!!!!!! Interrupted: 1 error during collection !!!!!!!!!!!!!!!!!!!!
=============================== 1 error in 0.10s ===============================
